<?xml version="1.0" encoding="UTF-8"?>
<!-- Generated by org.testng.reporters.JUnitReportReporter -->
<testsuite hostname="MACYW42SLPC4666" failures="0" tests="1" name="tests.XmlTest" time="0.017" errors="0" timestamp="2023-01-31T16:41:14 IST" skipped="0">
  <testcase classname="tests.XmlTest" name="XmlValuesValidate" time="0.017"/>
  <system-out/>
</testsuite> <!-- tests.XmlTest -->
