<?xml version="1.0" encoding="UTF-8"?>
<!-- Generated by org.testng.reporters.JUnitReportReporter -->
<testsuite skipped="0" hostname="BFSIW46ZLPC1306" name="tests.PimHrmTestcases" tests="10" failures="0" timestamp="2023-02-27T14:10:23 IST" time="48.649" errors="0">
  <testcase name="launch" time="16.526" classname="tests.PimHrmTestcases"/>
  <system-out/>
  <testcase name="login" time="2.898" classname="tests.PimHrmTestcases"/>
  <system-out/>
  <testcase name="clickPimAction" time="6.421" classname="tests.PimHrmTestcases"/>
  <system-out/>
  <testcase name="clickAddPageAction" time="4.607" classname="tests.PimHrmTestcases"/>
  <system-out/>
  <testcase name="AddPageAction" time="0.742" classname="tests.PimHrmTestcases"/>
  <system-out/>
  <testcase name="scrolling" time="6.950" classname="tests.PimHrmTestcases"/>
  <system-out/>
  <testcase name="DropdownAction" time="1.867" classname="tests.PimHrmTestcases"/>
  <system-out/>
  <testcase name="SelectData" time="4.177" classname="tests.PimHrmTestcases"/>
  <system-out/>
  <testcase name="PersonalGenderSmoker" time="2.348" classname="tests.PimHrmTestcases"/>
  <system-out/>
  <testcase name="quit" time="2.113" classname="tests.PimHrmTestcases"/>
  <system-out/>
</testsuite> <!-- tests.PimHrmTestcases -->
