<?xml version="1.0" encoding="UTF-8"?>
<!-- Generated by org.testng.reporters.JUnitReportReporter -->
<testsuite skipped="0" hostname="BFSIW46ZLPC1306" name="tests.PimHrmTestcases" tests="10" failures="0" timestamp="2023-02-14T16:30:57 IST" time="45.973" errors="1">
  <testcase name="launch" time="12.240" classname="tests.PimHrmTestcases"/>
  <system-out/>
  <testcase name="login" time="1.105" classname="tests.PimHrmTestcases"/>
  <system-out/>
  <testcase name="clickPimAction" time="5.980" classname="tests.PimHrmTestcases"/>
  <system-out/>
  <testcase name="clickAddPageAction" time="2.614" classname="tests.PimHrmTestcases"/>
  <system-out/>
  <testcase name="AddPageAction" time="0.947" classname="tests.PimHrmTestcases"/>
  <system-out/>
  <testcase name="scrolling" time="6.818" classname="tests.PimHrmTestcases"/>
  <system-out/>
  <testcase name="DropdownAction" time="2.073" classname="tests.PimHrmTestcases"/>
  <system-out/>
  <testcase name="SelectData" time="4.115" classname="tests.PimHrmTestcases"/>
  <system-out/>
  <testcase name="PersonalGenderSmoker" time="8.402" classname="tests.PimHrmTestcases">
    <error type="org.openqa.selenium.TimeoutException" message="Expected condition failed: waiting for element to be clickable: [[EdgeDriver: msedge on WINDOWS (02078924d4d20dcfdf6b661e8a08b4e9)] -&gt; xpath: //div[@class=&#039;oxd-input-group oxd-input-field-bottom-space&#039;][1]/div[2]/div[@class=&#039;oxd-checkbox-wrapper&#039;]/label/input] (tried for 8 second(s) with 2000 milliseconds interval)
Build info: version: &#039;4.6.0&#039;, revision: &#039;79f1c02ae20&#039;
System info: os.name: &#039;Windows 10&#039;, os.arch: &#039;amd64&#039;, os.version: &#039;10.0&#039;, java.version: &#039;1.8.0_91&#039;
Driver info: driver.version: unknown">
      <![CDATA[org.openqa.selenium.TimeoutException: Expected condition failed: waiting for element to be clickable: [[EdgeDriver: msedge on WINDOWS (02078924d4d20dcfdf6b661e8a08b4e9)] -> xpath: //div[@class='oxd-input-group oxd-input-field-bottom-space'][1]/div[2]/div[@class='oxd-checkbox-wrapper']/label/input] (tried for 8 second(s) with 2000 milliseconds interval)
Build info: version: '4.6.0', revision: '79f1c02ae20'
System info: os.name: 'Windows 10', os.arch: 'amd64', os.version: '10.0', java.version: '1.8.0_91'
Driver info: driver.version: unknown
at org.openqa.selenium.support.ui.FluentWait.timeoutException(FluentWait.java:263)
at org.openqa.selenium.support.ui.FluentWait.until(FluentWait.java:231)
at utils.CommonActions.clickingOnWebElement(CommonActions.java:62)
at page.AddEmployeeForHrmPage.SelectCheckboxAndSave(AddEmployeeForHrmPage.java:156)
at tests.PimHrmTestcases.PersonalGenderSmoker(PimHrmTestcases.java:100)
at sun.reflect.NativeMethodAccessorImpl.invoke0(Native Method)
at sun.reflect.NativeMethodAccessorImpl.invoke(NativeMethodAccessorImpl.java:62)
at sun.reflect.DelegatingMethodAccessorImpl.invoke(DelegatingMethodAccessorImpl.java:43)
at java.lang.reflect.Method.invoke(Method.java:498)
at org.testng.internal.invokers.MethodInvocationHelper.invokeMethod(MethodInvocationHelper.java:135)
at org.testng.internal.invokers.TestInvoker.invokeMethod(TestInvoker.java:673)
at org.testng.internal.invokers.TestInvoker.invokeTestMethod(TestInvoker.java:220)
at org.testng.internal.invokers.MethodRunner.runInSequence(MethodRunner.java:50)
at org.testng.internal.invokers.TestInvoker$MethodInvocationAgent.invoke(TestInvoker.java:945)
at org.testng.internal.invokers.TestInvoker.invokeTestMethods(TestInvoker.java:193)
at org.testng.internal.invokers.TestMethodWorker.invokeTestMethods(TestMethodWorker.java:146)
at org.testng.internal.invokers.TestMethodWorker.run(TestMethodWorker.java:128)
at java.util.concurrent.ThreadPoolExecutor.runWorker(ThreadPoolExecutor.java:1142)
at java.util.concurrent.ThreadPoolExecutor$Worker.run(ThreadPoolExecutor.java:617)
at java.lang.Thread.run(Thread.java:745)
]]>
    </error>
  </testcase> <!-- PersonalGenderSmoker -->
  <system-out/>
  <testcase name="quit" time="1.679" classname="tests.PimHrmTestcases"/>
  <system-out/>
</testsuite> <!-- tests.PimHrmTestcases -->
