<?xml version="1.0" encoding="UTF-8"?>
<!-- Generated by org.testng.reporters.JUnitReportReporter -->
<testsuite skipped="0" hostname="BFSIW46ZLPC1306" name="tests.SnapdealScenariosTest" tests="1" failures="0" timestamp="2023-02-27T14:10:23 IST" time="56.024" errors="0">
  <testcase name="BluetoothItemWithEdgeBrowser" time="56.024" classname="tests.SnapdealScenariosTest"/>
  <system-out/>
</testsuite> <!-- tests.SnapdealScenariosTest -->
