<?xml version="1.0" encoding="UTF-8"?>
<!-- Generated by org.testng.reporters.JUnitReportReporter -->
<testsuite skipped="0" hostname="BFSIW46ZLPC1306" name="tests.PimHrmTestcases" tests="10" failures="0" timestamp="2023-02-15T12:01:53 IST" time="41.525" errors="1">
  <testcase name="launch" time="10.464" classname="tests.PimHrmTestcases"/>
  <system-out/>
  <testcase name="login" time="1.098" classname="tests.PimHrmTestcases"/>
  <system-out/>
  <testcase name="clickPimAction" time="5.984" classname="tests.PimHrmTestcases"/>
  <system-out/>
  <testcase name="clickAddPageAction" time="2.873" classname="tests.PimHrmTestcases"/>
  <system-out/>
  <testcase name="AddPageAction" time="0.686" classname="tests.PimHrmTestcases"/>
  <system-out/>
  <testcase name="scrolling" time="6.580" classname="tests.PimHrmTestcases"/>
  <system-out/>
  <testcase name="DropdownAction" time="1.267" classname="tests.PimHrmTestcases"/>
  <system-out/>
  <testcase name="SelectData" time="3.182" classname="tests.PimHrmTestcases"/>
  <system-out/>
  <testcase name="PersonalGenderSmoker" time="8.207" classname="tests.PimHrmTestcases">
    <error type="org.openqa.selenium.TimeoutException" message="Expected condition failed: waiting for element to be clickable: [[EdgeDriver: msedge on WINDOWS (74fec6c74062239338f02c0c900ed9be)] -&gt; xpath: //div[@class=&#039;oxd-input-group oxd-input-field-bottom-space&#039;][1]/div[2]/div[@class=&#039;oxd-checkbox-wrapper&#039;]/label/input] (tried for 8 second(s) with 2000 milliseconds interval)
Build info: version: &#039;4.6.0&#039;, revision: &#039;79f1c02ae20&#039;
System info: os.name: &#039;Windows 10&#039;, os.arch: &#039;amd64&#039;, os.version: &#039;10.0&#039;, java.version: &#039;1.8.0_91&#039;
Driver info: driver.version: unknown">
      <![CDATA[org.openqa.selenium.TimeoutException: Expected condition failed: waiting for element to be clickable: [[EdgeDriver: msedge on WINDOWS (74fec6c74062239338f02c0c900ed9be)] -> xpath: //div[@class='oxd-input-group oxd-input-field-bottom-space'][1]/div[2]/div[@class='oxd-checkbox-wrapper']/label/input] (tried for 8 second(s) with 2000 milliseconds interval)
Build info: version: '4.6.0', revision: '79f1c02ae20'
System info: os.name: 'Windows 10', os.arch: 'amd64', os.version: '10.0', java.version: '1.8.0_91'
Driver info: driver.version: unknown
at org.openqa.selenium.support.ui.FluentWait.timeoutException(FluentWait.java:263)
at org.openqa.selenium.support.ui.FluentWait.until(FluentWait.java:231)
at utils.CommonActions.clickingOnWebElement(CommonActions.java:62)
at page.AddEmployeeForHrmPage.SelectCheckboxAndSave(AddEmployeeForHrmPage.java:156)
at tests.PimHrmTestcases.PersonalGenderSmoker(PimHrmTestcases.java:100)
at sun.reflect.NativeMethodAccessorImpl.invoke0(Native Method)
at sun.reflect.NativeMethodAccessorImpl.invoke(NativeMethodAccessorImpl.java:62)
at sun.reflect.DelegatingMethodAccessorImpl.invoke(DelegatingMethodAccessorImpl.java:43)
at java.lang.reflect.Method.invoke(Method.java:498)
at org.testng.internal.invokers.MethodInvocationHelper.invokeMethod(MethodInvocationHelper.java:135)
at org.testng.internal.invokers.TestInvoker.invokeMethod(TestInvoker.java:673)
at org.testng.internal.invokers.TestInvoker.invokeTestMethod(TestInvoker.java:220)
at org.testng.internal.invokers.MethodRunner.runInSequence(MethodRunner.java:50)
at org.testng.internal.invokers.TestInvoker$MethodInvocationAgent.invoke(TestInvoker.java:945)
at org.testng.internal.invokers.TestInvoker.invokeTestMethods(TestInvoker.java:193)
at org.testng.internal.invokers.TestMethodWorker.invokeTestMethods(TestMethodWorker.java:146)
at org.testng.internal.invokers.TestMethodWorker.run(TestMethodWorker.java:128)
at java.util.ArrayList.forEach(ArrayList.java:1249)
at org.testng.TestRunner.privateRun(TestRunner.java:808)
at org.testng.TestRunner.run(TestRunner.java:603)
at org.testng.SuiteRunner.runTest(SuiteRunner.java:429)
at org.testng.SuiteRunner.runSequentially(SuiteRunner.java:423)
at org.testng.SuiteRunner.privateRun(SuiteRunner.java:383)
at org.testng.SuiteRunner.run(SuiteRunner.java:326)
at org.testng.SuiteRunnerWorker.runSuite(SuiteRunnerWorker.java:52)
at org.testng.SuiteRunnerWorker.run(SuiteRunnerWorker.java:95)
at org.testng.TestNG.runSuitesSequentially(TestNG.java:1249)
at org.testng.TestNG.runSuitesLocally(TestNG.java:1169)
at org.testng.TestNG.runSuites(TestNG.java:1092)
at org.testng.TestNG.run(TestNG.java:1060)
at tests.ExcelTestRunner.main(ExcelTestRunner.java:62)
]]>
    </error>
  </testcase> <!-- PersonalGenderSmoker -->
  <system-out/>
  <testcase name="quit" time="1.184" classname="tests.PimHrmTestcases"/>
  <system-out/>
</testsuite> <!-- tests.PimHrmTestcases -->
