<?xml version="1.0" encoding="UTF-8"?>
<!-- Generated by org.testng.reporters.JUnitReportReporter -->
<testsuite skipped="0" hostname="BFSIW46ZLPC1306" name="tests.PimHrmTestcases" tests="1" failures="0" timestamp="09 Feb 2023 04:23:54 GMT" time="37.954" errors="1">
  <testcase name="launch" time="37.954" classname="tests.PimHrmTestcases">
    <error type="org.openqa.selenium.ElementClickInterceptedException" message="element click intercepted: Element &lt;input class=&quot;oxd-input oxd-input--active orangehrm-firstname&quot; name=&quot;firstName&quot; placeholder=&quot;First Name&quot; data-v-844e87dc=&quot;&quot;&gt; is not clickable at point (691, 271). Other element would receive the click: &lt;div class=&quot;oxd-form-loader&quot; data-v-2027e1a1=&quot;&quot;&gt;...&lt;/div&gt;
  (Session info: MicrosoftEdge=109.0.1518.70)
Build info: version: &#039;4.6.0&#039;, revision: &#039;79f1c02ae20&#039;
System info: os.name: &#039;Windows 10&#039;, os.arch: &#039;amd64&#039;, os.version: &#039;10.0&#039;, java.version: &#039;1.8.0_91&#039;
Driver info: org.openqa.selenium.edge.EdgeDriver
Command: [6b771a27312316f6807912e5c8315f29, clickElement {id=e060360a-de2e-4035-9a07-cc0372949841}]
Capabilities {acceptInsecureCerts: true, browserName: msedge, browserVersion: 109.0.1518.70, ms:edgeOptions: {debuggerAddress: localhost:64504}, msedge: {msedgedriverVersion: 109.0.1518.78 (4e4b32c38163..., userDataDir: C:\Users\SK66921\AppData\Lo...}, networkConnectionEnabled: false, pageLoadStrategy: normal, platformName: WINDOWS, proxy: Proxy(), se:cdp: ws://localhost:64504/devtoo..., se:cdpVersion: 109.0.1518.70, setWindowRect: true, strictFileInteractability: false, timeouts: {implicit: 0, pageLoad: 300000, script: 30000}, unhandledPromptBehavior: dismiss and notify, webauthn:extension:credBlob: true, webauthn:extension:largeBlob: true, webauthn:virtualAuthenticators: true}
Element: [[EdgeDriver: msedge on WINDOWS (6b771a27312316f6807912e5c8315f29)] -&gt; xpath: //input[@placeholder=&#039;First Name&#039;]]
Session ID: 6b771a27312316f6807912e5c8315f29">
      <![CDATA[org.openqa.selenium.ElementClickInterceptedException: element click intercepted: Element <input class="oxd-input oxd-input--active orangehrm-firstname" name="firstName" placeholder="First Name" data-v-844e87dc=""> is not clickable at point (691, 271). Other element would receive the click: <div class="oxd-form-loader" data-v-2027e1a1="">...</div>
  (Session info: MicrosoftEdge=109.0.1518.70)
Build info: version: '4.6.0', revision: '79f1c02ae20'
System info: os.name: 'Windows 10', os.arch: 'amd64', os.version: '10.0', java.version: '1.8.0_91'
Driver info: org.openqa.selenium.edge.EdgeDriver
Command: [6b771a27312316f6807912e5c8315f29, clickElement {id=e060360a-de2e-4035-9a07-cc0372949841}]
Capabilities {acceptInsecureCerts: true, browserName: msedge, browserVersion: 109.0.1518.70, ms:edgeOptions: {debuggerAddress: localhost:64504}, msedge: {msedgedriverVersion: 109.0.1518.78 (4e4b32c38163..., userDataDir: C:\Users\SK66921\AppData\Lo...}, networkConnectionEnabled: false, pageLoadStrategy: normal, platformName: WINDOWS, proxy: Proxy(), se:cdp: ws://localhost:64504/devtoo..., se:cdpVersion: 109.0.1518.70, setWindowRect: true, strictFileInteractability: false, timeouts: {implicit: 0, pageLoad: 300000, script: 30000}, unhandledPromptBehavior: dismiss and notify, webauthn:extension:credBlob: true, webauthn:extension:largeBlob: true, webauthn:virtualAuthenticators: true}
Element: [[EdgeDriver: msedge on WINDOWS (6b771a27312316f6807912e5c8315f29)] -> xpath: //input[@placeholder='First Name']]
Session ID: 6b771a27312316f6807912e5c8315f29
at sun.reflect.NativeConstructorAccessorImpl.newInstance0(Native Method)
at sun.reflect.NativeConstructorAccessorImpl.newInstance(NativeConstructorAccessorImpl.java:62)
at sun.reflect.DelegatingConstructorAccessorImpl.newInstance(DelegatingConstructorAccessorImpl.java:45)
at java.lang.reflect.Constructor.newInstance(Constructor.java:423)
at org.openqa.selenium.remote.codec.w3c.W3CHttpResponseCodec.createException(W3CHttpResponseCodec.java:200)
at org.openqa.selenium.remote.codec.w3c.W3CHttpResponseCodec.decode(W3CHttpResponseCodec.java:133)
at org.openqa.selenium.remote.codec.w3c.W3CHttpResponseCodec.decode(W3CHttpResponseCodec.java:53)
at org.openqa.selenium.remote.HttpCommandExecutor.execute(HttpCommandExecutor.java:184)
at org.openqa.selenium.remote.service.DriverCommandExecutor.invokeExecute(DriverCommandExecutor.java:167)
at org.openqa.selenium.remote.service.DriverCommandExecutor.execute(DriverCommandExecutor.java:142)
at org.openqa.selenium.remote.RemoteWebDriver.execute(RemoteWebDriver.java:541)
at org.openqa.selenium.remote.RemoteWebElement.execute(RemoteWebElement.java:257)
at org.openqa.selenium.remote.RemoteWebElement.click(RemoteWebElement.java:78)
at sun.reflect.NativeMethodAccessorImpl.invoke0(Native Method)
at sun.reflect.NativeMethodAccessorImpl.invoke(NativeMethodAccessorImpl.java:62)
at sun.reflect.DelegatingMethodAccessorImpl.invoke(DelegatingMethodAccessorImpl.java:43)
at java.lang.reflect.Method.invoke(Method.java:498)
at org.openqa.selenium.support.pagefactory.internal.LocatingElementHandler.invoke(LocatingElementHandler.java:52)
at com.sun.proxy.$Proxy14.click(Unknown Source)
at utils.CommonActions.sendKeysWebElement(CommonActions.java:81)
at page.AddEmployeeForHrmPage.AddEmployeeActions(AddEmployeeForHrmPage.java:107)
at tests.PimHrmTestcases.launch(PimHrmTestcases.java:54)
at sun.reflect.NativeMethodAccessorImpl.invoke0(Native Method)
at sun.reflect.NativeMethodAccessorImpl.invoke(NativeMethodAccessorImpl.java:62)
at sun.reflect.DelegatingMethodAccessorImpl.invoke(DelegatingMethodAccessorImpl.java:43)
at java.lang.reflect.Method.invoke(Method.java:498)
at org.testng.internal.MethodInvocationHelper.invokeMethod(MethodInvocationHelper.java:124)
at org.testng.internal.Invoker.invokeMethod(Invoker.java:583)
at org.testng.internal.Invoker.invokeTestMethod(Invoker.java:719)
at org.testng.internal.Invoker.invokeTestMethods(Invoker.java:989)
at org.testng.internal.TestMethodWorker.invokeTestMethods(TestMethodWorker.java:125)
at org.testng.internal.TestMethodWorker.run(TestMethodWorker.java:109)
at java.util.concurrent.ThreadPoolExecutor.runWorker(ThreadPoolExecutor.java:1142)
at java.util.concurrent.ThreadPoolExecutor$Worker.run(ThreadPoolExecutor.java:617)
at java.lang.Thread.run(Thread.java:745)
]]>
    </error>
  </testcase> <!-- launch -->
</testsuite> <!-- tests.PimHrmTestcases -->
